<?xml version="1.0" encoding="UTF-8"?>
<coverage generated="1668078012236" clover="3.2.0">
  <project timestamp="1668078012237" name="All files">
    <metrics statements="8" coveredstatements="8" conditionals="2" coveredconditionals="2" methods="7" coveredmethods="7" elements="17" coveredelements="17" complexity="0" loc="8" ncloc="8" packages="1" files="1" classes="1"/>
    <file name="template.js" path="C:\Users\Arthur.vanAarsse_nsp\Documents\Katas\Sudoku\src\template.js">
      <metrics statements="8" coveredstatements="8" conditionals="2" coveredconditionals="2" methods="7" coveredmethods="7"/>
      <line num="2" count="15" type="stmt"/>
      <line num="3" count="114" type="stmt"/>
      <line num="7" count="39" type="stmt"/>
      <line num="11" count="4" type="stmt"/>
      <line num="12" count="32" type="stmt"/>
      <line num="14" count="4" type="cond" truecount="2" falsecount="0"/>
      <line num="18" count="12" type="stmt"/>
      <line num="21" count="1" type="stmt"/>
    </file>
  </project>
</coverage>
