{
  "C:\\Users\\Arthur.vanAarsse_nsp\\Documents\\Katas\\Sudoku\\src\\template.js": {
    "path": "C:\\Users\\Arthur.vanAarsse_nsp\\Documents\\Katas\\Sudoku\\src\\template.js",
    "statementMap": {
      "0": {
        "start": { "line": 2, "column": 17 },
        "end": { "line": 2, "column": 44 }
      },
      "1": {
        "start": { "line": 3, "column": 2 },
        "end": { "line": 3, "column": 56 }
      },
      "2": {
        "start": { "line": 3, "column": 34 },
        "end": { "line": 3, "column": 54 }
      },
      "3": {
        "start": { "line": 7, "column": 2 },
        "end": { "line": 7, "column": 27 }
      },
      "4": {
        "start": { "line": 11, "column": 19 },
        "end": { "line": 11, "column": 48 }
      },
      "5": {
        "start": { "line": 12, "column": 30 },
        "end": { "line": 12, "column": 79 }
      },
      "6": {
        "start": { "line": 12, "column": 50 },
        "end": { "line": 12, "column": 78 }
      },
      "7": {
        "start": { "line": 14, "column": 2 },
        "end": { "line": 14, "column": 41 }
      },
      "8": {
        "start": { "line": 18, "column": 2 },
        "end": { "line": 18, "column": 64 }
      },
      "9": {
        "start": { "line": 18, "column": 29 },
        "end": { "line": 18, "column": 62 }
      },
      "10": {
        "start": { "line": 21, "column": 0 },
        "end": { "line": 26, "column": 2 }
      }
    },
    "fnMap": {
      "0": {
        "name": "doesRowContainAllNumbers1To9",
        "decl": {
          "start": { "line": 1, "column": 9 },
          "end": { "line": 1, "column": 37 }
        },
        "loc": {
          "start": { "line": 1, "column": 43 },
          "end": { "line": 4, "column": 1 }
        },
        "line": 1
      },
      "1": {
        "name": "(anonymous_1)",
        "decl": {
          "start": { "line": 3, "column": 22 },
          "end": { "line": 3, "column": 23 }
        },
        "loc": {
          "start": { "line": 3, "column": 34 },
          "end": { "line": 3, "column": 54 }
        },
        "line": 3
      },
      "2": {
        "name": "doesListContain9Entries",
        "decl": {
          "start": { "line": 6, "column": 9 },
          "end": { "line": 6, "column": 32 }
        },
        "loc": {
          "start": { "line": 6, "column": 39 },
          "end": { "line": 8, "column": 1 }
        },
        "line": 6
      },
      "3": {
        "name": "isGrid9x9",
        "decl": {
          "start": { "line": 10, "column": 9 },
          "end": { "line": 10, "column": 18 }
        },
        "loc": {
          "start": { "line": 10, "column": 25 },
          "end": { "line": 15, "column": 1 }
        },
        "line": 10
      },
      "4": {
        "name": "(anonymous_4)",
        "decl": {
          "start": { "line": 12, "column": 41 },
          "end": { "line": 12, "column": 42 }
        },
        "loc": {
          "start": { "line": 12, "column": 50 },
          "end": { "line": 12, "column": 78 }
        },
        "line": 12
      },
      "5": {
        "name": "doesEveryRowContainAllNumbers1To9",
        "decl": {
          "start": { "line": 17, "column": 9 },
          "end": { "line": 17, "column": 42 }
        },
        "loc": {
          "start": { "line": 17, "column": 49 },
          "end": { "line": 19, "column": 1 }
        },
        "line": 17
      },
      "6": {
        "name": "(anonymous_6)",
        "decl": {
          "start": { "line": 18, "column": 20 },
          "end": { "line": 18, "column": 21 }
        },
        "loc": {
          "start": { "line": 18, "column": 29 },
          "end": { "line": 18, "column": 62 }
        },
        "line": 18
      }
    },
    "branchMap": {
      "0": {
        "loc": {
          "start": { "line": 14, "column": 9 },
          "end": { "line": 14, "column": 40 }
        },
        "type": "binary-expr",
        "locations": [
          {
            "start": { "line": 14, "column": 9 },
            "end": { "line": 14, "column": 17 }
          },
          {
            "start": { "line": 14, "column": 21 },
            "end": { "line": 14, "column": 40 }
          }
        ],
        "line": 14
      }
    },
    "s": {
      "0": 15,
      "1": 15,
      "2": 114,
      "3": 39,
      "4": 4,
      "5": 4,
      "6": 32,
      "7": 4,
      "8": 2,
      "9": 12,
      "10": 1
    },
    "f": { "0": 15, "1": 114, "2": 39, "3": 4, "4": 32, "5": 2, "6": 12 },
    "b": { "0": [4, 2] },
    "_coverageSchema": "1a1c01bbd47fc00a2c39e90264f33305004495a9",
    "hash": "8b35d50b51a42a86832d2434c7b063472780ebb5"
  }
}
