{
  "C:\\Users\\Arthur.vanAarsse_nsp\\Documents\\Katas\\Sudoku\\src\\template.js": {
    "path": "C:\\Users\\Arthur.vanAarsse_nsp\\Documents\\Katas\\Sudoku\\src\\template.js",
    "statementMap": {
      "0": {
        "start": { "line": 2, "column": 17 },
        "end": { "line": 2, "column": 44 }
      },
      "1": {
        "start": { "line": 3, "column": 2 },
        "end": { "line": 3, "column": 56 }
      },
      "2": {
        "start": { "line": 3, "column": 34 },
        "end": { "line": 3, "column": 54 }
      },
      "3": {
        "start": { "line": 7, "column": 2 },
        "end": { "line": 7, "column": 27 }
      },
      "4": {
        "start": { "line": 11, "column": 2 },
        "end": { "line": 11, "column": 29 }
      },
      "5": {
        "start": { "line": 16, "column": 19 },
        "end": { "line": 16, "column": 48 }
      },
      "6": {
        "start": { "line": 17, "column": 30 },
        "end": { "line": 17, "column": 79 }
      },
      "7": {
        "start": { "line": 17, "column": 50 },
        "end": { "line": 17, "column": 78 }
      },
      "8": {
        "start": { "line": 19, "column": 2 },
        "end": { "line": 19, "column": 41 }
      },
      "9": {
        "start": { "line": 23, "column": 2 },
        "end": { "line": 23, "column": 64 }
      },
      "10": {
        "start": { "line": 23, "column": 29 },
        "end": { "line": 23, "column": 62 }
      },
      "11": {
        "start": { "line": 27, "column": 2 },
        "end": { "line": 27, "column": 45 }
      },
      "12": {
        "start": { "line": 27, "column": 27 },
        "end": { "line": 27, "column": 43 }
      },
      "13": {
        "start": { "line": 30, "column": 0 },
        "end": { "line": 37, "column": 2 }
      }
    },
    "fnMap": {
      "0": {
        "name": "doesRowContainAllNumbers1To9",
        "decl": {
          "start": { "line": 1, "column": 9 },
          "end": { "line": 1, "column": 37 }
        },
        "loc": {
          "start": { "line": 1, "column": 43 },
          "end": { "line": 4, "column": 1 }
        },
        "line": 1
      },
      "1": {
        "name": "(anonymous_1)",
        "decl": {
          "start": { "line": 3, "column": 22 },
          "end": { "line": 3, "column": 23 }
        },
        "loc": {
          "start": { "line": 3, "column": 34 },
          "end": { "line": 3, "column": 54 }
        },
        "line": 3
      },
      "2": {
        "name": "doesListContain9Entries",
        "decl": {
          "start": { "line": 6, "column": 9 },
          "end": { "line": 6, "column": 32 }
        },
        "loc": {
          "start": { "line": 6, "column": 39 },
          "end": { "line": 8, "column": 1 }
        },
        "line": 6
      },
      "3": {
        "name": "doesColumnContain9Numbers",
        "decl": {
          "start": { "line": 10, "column": 9 },
          "end": { "line": 10, "column": 34 }
        },
        "loc": {
          "start": { "line": 10, "column": 42 },
          "end": { "line": 12, "column": 1 }
        },
        "line": 10
      },
      "4": {
        "name": "isGrid9x9",
        "decl": {
          "start": { "line": 15, "column": 9 },
          "end": { "line": 15, "column": 18 }
        },
        "loc": {
          "start": { "line": 15, "column": 25 },
          "end": { "line": 20, "column": 1 }
        },
        "line": 15
      },
      "5": {
        "name": "(anonymous_5)",
        "decl": {
          "start": { "line": 17, "column": 41 },
          "end": { "line": 17, "column": 42 }
        },
        "loc": {
          "start": { "line": 17, "column": 50 },
          "end": { "line": 17, "column": 78 }
        },
        "line": 17
      },
      "6": {
        "name": "doesEveryRowContainAllNumbers1To9",
        "decl": {
          "start": { "line": 22, "column": 9 },
          "end": { "line": 22, "column": 42 }
        },
        "loc": {
          "start": { "line": 22, "column": 49 },
          "end": { "line": 24, "column": 1 }
        },
        "line": 22
      },
      "7": {
        "name": "(anonymous_7)",
        "decl": {
          "start": { "line": 23, "column": 20 },
          "end": { "line": 23, "column": 21 }
        },
        "loc": {
          "start": { "line": 23, "column": 29 },
          "end": { "line": 23, "column": 62 }
        },
        "line": 23
      },
      "8": {
        "name": "extractColumn",
        "decl": {
          "start": { "line": 26, "column": 9 },
          "end": { "line": 26, "column": 22 }
        },
        "loc": {
          "start": { "line": 26, "column": 42 },
          "end": { "line": 28, "column": 1 }
        },
        "line": 26
      },
      "9": {
        "name": "(anonymous_9)",
        "decl": {
          "start": { "line": 27, "column": 18 },
          "end": { "line": 27, "column": 19 }
        },
        "loc": {
          "start": { "line": 27, "column": 27 },
          "end": { "line": 27, "column": 43 }
        },
        "line": 27
      }
    },
    "branchMap": {
      "0": {
        "loc": {
          "start": { "line": 19, "column": 9 },
          "end": { "line": 19, "column": 40 }
        },
        "type": "binary-expr",
        "locations": [
          {
            "start": { "line": 19, "column": 9 },
            "end": { "line": 19, "column": 17 }
          },
          {
            "start": { "line": 19, "column": 21 },
            "end": { "line": 19, "column": 40 }
          }
        ],
        "line": 19
      }
    },
    "s": {
      "0": 15,
      "1": 15,
      "2": 114,
      "3": 39,
      "4": 0,
      "5": 4,
      "6": 4,
      "7": 32,
      "8": 4,
      "9": 2,
      "10": 12,
      "11": 2,
      "12": 18,
      "13": 1
    },
    "f": {
      "0": 15,
      "1": 114,
      "2": 39,
      "3": 0,
      "4": 4,
      "5": 32,
      "6": 2,
      "7": 12,
      "8": 2,
      "9": 18
    },
    "b": { "0": [4, 2] },
    "_coverageSchema": "1a1c01bbd47fc00a2c39e90264f33305004495a9",
    "hash": "8d47aeec8741c05d00a10aaad6e594b65a95254a"
  }
}
