TN:
SF:src\template.js
FN:1,doesRowContainAllNumbers1To9
FN:3,(anonymous_1)
FN:6,doesListContain9Entries
FN:10,isGrid9x9
FN:12,(anonymous_4)
FN:17,doesEveryRowContainAllNumbers1To9
FN:18,(anonymous_6)
FNF:7
FNH:7
FNDA:15,doesRowContainAllNumbers1To9
FNDA:114,(anonymous_1)
FNDA:39,doesListContain9Entries
FNDA:4,isGrid9x9
FNDA:32,(anonymous_4)
FNDA:2,doesEveryRowContainAllNumbers1To9
FNDA:12,(anonymous_6)
DA:2,15
DA:3,114
DA:7,39
DA:11,4
DA:12,32
DA:14,4
DA:18,12
DA:21,1
LF:8
LH:8
BRDA:14,0,0,4
BRDA:14,0,1,2
BRF:2
BRH:2
end_of_record
