TN:
SF:src\template.js
FN:1,doesRowContainAllNumbers1To9
FN:3,(anonymous_1)
FN:6,doesListContain9Entries
FN:10,doesColumnContain9Numbers
FN:15,isGrid9x9
FN:17,(anonymous_5)
FN:22,doesEveryRowContainAllNumbers1To9
FN:23,(anonymous_7)
FN:26,extractColumn
FN:27,(anonymous_9)
FNF:10
FNH:9
FNDA:15,doesRowContainAllNumbers1To9
FNDA:114,(anonymous_1)
FNDA:39,doesListContain9Entries
FNDA:0,doesColumnContain9Numbers
FNDA:4,isGrid9x9
FNDA:32,(anonymous_5)
FNDA:2,doesEveryRowContainAllNumbers1To9
FNDA:12,(anonymous_7)
FNDA:2,extractColumn
FNDA:18,(anonymous_9)
DA:2,15
DA:3,114
DA:7,39
DA:11,0
DA:16,4
DA:17,32
DA:19,4
DA:23,12
DA:27,18
DA:30,1
LF:10
LH:9
BRDA:19,0,0,4
BRDA:19,0,1,2
BRF:2
BRH:2
end_of_record
